<?xml version="1.0" encoding="UTF-8"?>
<!-- Generated by org.testng.reporters.JUnitReportReporter -->
<testsuite skipped="0" hostname="DESKTOP-5ELH11U" name="runner.BrowserCalcRunner" tests="3" failures="0" timestamp="2022-03-13T11:33:38 IST" time="51.089" errors="0">
  <testcase name="runScenario" time="17.314" classname="runner.BrowserCalcRunner"/>
  <system-out/>
  <testcase name="runScenario" time="15.442" classname="runner.BrowserCalcRunner"/>
  <system-out/>
  <testcase name="runScenario" time="18.333" classname="runner.BrowserCalcRunner"/>
  <system-out/>
</testsuite> <!-- runner.BrowserCalcRunner -->
